<?xml version="1.0" encoding="UTF-8"?>
<!-- Generated by org.testng.reporters.JUnitReportReporter -->
<testsuite hostname="skathi-mac" failures="0" tests="1" name="com.app.webdriver.testcases.cmp.Test1" time="46.762" errors="0" timestamp="25 Feb 2019 10:48:30 GMT" skipped="0">
  <testcase classname="com.app.webdriver.testcases.cmp.Test1" name="login" time="46.762"/>
</testsuite> <!-- com.app.webdriver.testcases.cmp.Test1 -->
